20: 6:35: 800 - CTcpNet::CTcpNet Entry
20: 6:35: 800 - CTcpNet::CTcpNet Before TranslateStringAddress
20: 6:36: 190 - CTcpNet::CTcpNet After TranslateStringAddress
20: 6:36: 190 - CTcpNet::CTcpNet After gethostbyname
20: 6:36: 190 - CTCPNet::RegAddr 196.168.1.1:0,1707
20: 6:38: 830 - WM_WINSOCK FD_WRITE on socket 11 link=0074233c
20: 6:38: 830 - WM_WINSOCK FD_READ on socket 11 link=0074233c
20: 6:38: 830 - Got SenumREP in non-connected state
20: 6:38: 830 - OnSenumRep: posting notification
20: 6:38: 830 - WM_WINSOCK FD_READ on socket 11 link=0074233c
20: 6:38: 830 - Got SenumREP in non-connected state
20: 6:42: 730 - CTcpLink::Closing link 0074233c socket 11
20: 6:44: 590 - WM_WINSOCK FD_WRITE on socket 11 link=0074233c
20: 6:44: 590 - WM_WINSOCK FD_WRITE on socket 11 link=0074233c
20: 6:45: 860 - WM_WINSOCK FD_CONNECT on socket 13 link=00742f3c
20: 6:45: 970 - WM_WINSOCK FD_WRITE on socket 13 link=00742f3c
20: 6:45: 970 - WM_WINSOCK FD_READ on socket 13 link=00742f3c
20: 6:45: 970 - Got SenumREP in connected state
20: 6:45: 970 - WM_WINSOCK FD_WRITE on socket 13 link=00742f3c
20: 6:46:  20 - WM_WINSOCK FD_READ on socket 13 link=00742f3c
20: 6:46: 130 - WM_WINSOCK FD_WRITE on socket 13 link=00742f3c
20: 6:47: 280 - WM_WINSOCK FD_WRITE on socket 13 link=00742f3c
20: 6:48: 440 - WM_WINSOCK FD_WRITE on socket 13 link=00742f3c
20: 6:49: 590 - WM_WINSOCK FD_WRITE on socket 13 link=00742f3c
20: 6:50: 580 - WM_WINSOCK FD_WRITE on socket 13 link=00742f3c
20: 6:51: 680 - WM_WINSOCK FD_WRITE on socket 13 link=00742f3c
20: 6:52: 780 - WM_WINSOCK FD_WRITE on socket 13 link=00742f3c
20: 6:53: 930 - WM_WINSOCK FD_WRITE on socket 13 link=00742f3c
20: 6:55:  30 - WM_WINSOCK FD_WRITE on socket 13 link=00742f3c
20: 6:56:  70 - WM_WINSOCK FD_WRITE on socket 13 link=00742f3c
20: 6:57: 230 - WM_WINSOCK FD_WRITE on socket 13 link=00742f3c
20: 6:58: 270 - WM_WINSOCK FD_WRITE on socket 13 link=00742f3c
20: 6:59: 370 - WM_WINSOCK FD_WRITE on socket 13 link=00742f3c
20: 7: 0: 630 - WM_WINSOCK FD_WRITE on socket 13 link=00742f3c
20: 7: 1: 730 - WM_WINSOCK FD_WRITE on socket 13 link=00742f3c
20: 7: 2: 880 - WM_WINSOCK FD_WRITE on socket 13 link=00742f3c
20: 7: 4:  90 - WM_WINSOCK FD_WRITE on socket 13 link=00742f3c
20: 7: 5: 190 - WM_WINSOCK FD_WRITE on socket 13 link=00742f3c
20: 7: 6: 290 - WM_WINSOCK FD_WRITE on socket 13 link=00742f3c
20: 7: 7: 550 - WM_WINSOCK FD_WRITE on socket 13 link=00742f3c
20: 7: 8: 650 - WM_WINSOCK FD_WRITE on socket 13 link=00742f3c
20: 7: 9: 690 - WM_WINSOCK FD_WRITE on socket 13 link=00742f3c
20: 7:10: 790 - WM_WINSOCK FD_WRITE on socket 13 link=00742f3c
20: 7:11: 840 - WM_WINSOCK FD_WRITE on socket 13 link=00742f3c
20: 7:12: 990 - WM_WINSOCK FD_WRITE on socket 13 link=00742f3c
20: 7:14: 140 - WM_WINSOCK FD_WRITE on socket 13 link=00742f3c
20: 7:15: 130 - WM_WINSOCK FD_WRITE on socket 13 link=00742f3c
20: 7:16: 230 - WM_WINSOCK FD_WRITE on socket 13 link=00742f3c
20: 7:17: 380 - WM_WINSOCK FD_WRITE on socket 13 link=00742f3c
20: 7:18: 540 - WM_WINSOCK FD_WRITE on socket 13 link=00742f3c
20: 7:19: 580 - WM_WINSOCK FD_WRITE on socket 13 link=00742f3c
20: 7:20: 460 - WM_WINSOCK FD_READ on socket 13 link=00742f3c
20: 7:20: 510 - WM_WINSOCK FD_WRITE on socket 13 link=00742f3c
20: 7:21: 560 - WM_WINSOCK FD_WRITE on socket 13 link=00742f3c
20: 7:22: 710 - WM_WINSOCK FD_WRITE on socket 13 link=00742f3c
20: 7:23: 920 - WM_WINSOCK FD_WRITE on socket 13 link=00742f3c
20: 7:25:  20 - WM_WINSOCK FD_WRITE on socket 13 link=00742f3c
20: 7:26: 170 - WM_WINSOCK FD_WRITE on socket 13 link=00742f3c
20: 7:27: 320 - WM_WINSOCK FD_WRITE on socket 13 link=00742f3c
20: 7:28: 530 - WM_WINSOCK FD_WRITE on socket 13 link=00742f3c
20: 7:29: 630 - WM_WINSOCK FD_WRITE on socket 13 link=00742f3c
20: 7:30: 730 - WM_WINSOCK FD_WRITE on socket 13 link=00742f3c
20: 7:31: 830 - WM_WINSOCK FD_WRITE on socket 13 link=00742f3c
20: 7:33:  90 - WM_WINSOCK FD_WRITE on socket 13 link=00742f3c
20: 7:34: 190 - WM_WINSOCK FD_WRITE on socket 13 link=00742f3c
20: 7:35: 340 - WM_WINSOCK FD_WRITE on socket 13 link=00742f3c
20: 7:36: 330 - WM_WINSOCK FD_WRITE on socket 13 link=00742f3c
20: 7:37: 490 - WM_WINSOCK FD_WRITE on socket 13 link=00742f3c
20: 7:37: 980 - WM_WINSOCK FD_READ on socket 13 link=00742f3c
20: 7:38:  90 - WM_WINSOCK FD_WRITE on socket 13 link=00742f3c
20: 7:39: 190 - WM_WINSOCK FD_WRITE on socket 13 link=00742f3c
20: 7:40: 290 - WM_WINSOCK FD_WRITE on socket 13 link=00742f3c
20: 7:41: 390 - WM_WINSOCK FD_WRITE on socket 13 link=00742f3c
20: 7:42: 430 - WM_WINSOCK FD_WRITE on socket 13 link=00742f3c
20: 7:43: 470 - WM_WINSOCK FD_WRITE on socket 13 link=00742f3c
20: 7:44: 630 - WM_WINSOCK FD_WRITE on socket 13 link=00742f3c
20: 7:45: 780 - WM_WINSOCK FD_WRITE on socket 13 link=00742f3c
20: 7:46: 880 - WM_WINSOCK FD_WRITE on socket 13 link=00742f3c
20: 7:48:  90 - WM_WINSOCK FD_WRITE on socket 13 link=00742f3c
20: 7:49: 240 - WM_WINSOCK FD_WRITE on socket 13 link=00742f3c
20: 7:50: 280 - WM_WINSOCK FD_WRITE on socket 13 link=00742f3c
20: 7:51: 380 - WM_WINSOCK FD_WRITE on socket 13 link=00742f3c
20: 7:52: 540 - WM_WINSOCK FD_WRITE on socket 13 link=00742f3c
20: 7:53: 580 - WM_WINSOCK FD_WRITE on socket 13 link=00742f3c
20: 7:54: 790 - WM_WINSOCK FD_WRITE on socket 13 link=00742f3c
20: 7:55: 830 - WM_WINSOCK FD_WRITE on socket 13 link=00742f3c
20: 7:57:  40 - WM_WINSOCK FD_WRITE on socket 13 link=00742f3c
20: 7:58:  30 - WM_WINSOCK FD_WRITE on socket 13 link=00742f3c
20: 7:59: 180 - WM_WINSOCK FD_WRITE on socket 13 link=00742f3c
20: 8: 0: 330 - WM_WINSOCK FD_WRITE on socket 13 link=00742f3c
20: 8: 1: 380 - WM_WINSOCK FD_WRITE on socket 13 link=00742f3c
20: 8: 2: 480 - WM_WINSOCK FD_WRITE on socket 13 link=00742f3c
20: 8: 3: 690 - WM_WINSOCK FD_WRITE on socket 13 link=00742f3c
20: 8: 4: 730 - WM_WINSOCK FD_WRITE on socket 13 link=00742f3c
20: 8: 5: 830 - WM_WINSOCK FD_WRITE on socket 13 link=00742f3c
20: 8: 6: 930 - WM_WINSOCK FD_WRITE on socket 13 link=00742f3c
20: 8: 8:  20 - WM_WINSOCK FD_WRITE on socket 13 link=00742f3c
20: 8: 9: 230 - WM_WINSOCK FD_WRITE on socket 13 link=00742f3c
20: 8:10: 170 - WM_WINSOCK FD_WRITE on socket 13 link=00742f3c
20: 8:11: 430 - WM_WINSOCK FD_WRITE on socket 13 link=00742f3c
20: 8:12: 420 - WM_WINSOCK FD_WRITE on socket 13 link=00742f3c
20: 8:13: 460 - WM_WINSOCK FD_WRITE on socket 13 link=00742f3c
20: 8:14: 620 - WM_WINSOCK FD_WRITE on socket 13 link=00742f3c
20: 8:15: 880 - WM_WINSOCK FD_WRITE on socket 13 link=00742f3c
20: 8:16: 920 - WM_WINSOCK FD_WRITE on socket 13 link=00742f3c
20: 8:18:  20 - WM_WINSOCK FD_WRITE on socket 13 link=00742f3c
20: 8:19: 120 - WM_WINSOCK FD_WRITE on socket 13 link=00742f3c
20: 8:20: 270 - WM_WINSOCK FD_WRITE on socket 13 link=00742f3c
20: 8:21: 260 - WM_WINSOCK FD_WRITE on socket 13 link=00742f3c
20: 8:21: 920 - WM_WINSOCK FD_READ on socket 13 link=00742f3c
20: 8:21: 920 - WM_WINSOCK FD_WRITE on socket 13 link=00742f3c
20: 8:23:  70 - WM_WINSOCK FD_WRITE on socket 13 link=00742f3c
20: 8:24: 170 - WM_WINSOCK FD_WRITE on socket 13 link=00742f3c
20: 8:25: 160 - WM_WINSOCK FD_WRITE on socket 13 link=00742f3c
20: 8:25: 770 - WM_WINSOCK FD_READ on socket 13 link=00742f3c
20: 8:25: 820 - WM_WINSOCK FD_WRITE on socket 13 link=00742f3c
20: 8:27:  30 - WM_WINSOCK FD_WRITE on socket 13 link=00742f3c
20: 8:28:  20 - WM_WINSOCK FD_WRITE on socket 13 link=00742f3c
20: 8:29: 120 - WM_WINSOCK FD_WRITE on socket 13 link=00742f3c
20: 8:30: 320 - WM_WINSOCK FD_WRITE on socket 13 link=00742f3c
20: 8:31: 480 - WM_WINSOCK FD_WRITE on socket 13 link=00742f3c
20: 8:32: 470 - WM_WINSOCK FD_WRITE on socket 13 link=00742f3c
20: 8:33: 620 - WM_WINSOCK FD_WRITE on socket 13 link=00742f3c
20: 8:34: 660 - WM_WINSOCK FD_WRITE on socket 13 link=00742f3c
20: 8:35: 760 - WM_WINSOCK FD_WRITE on socket 13 link=00742f3c
20: 8:36: 920 - WM_WINSOCK FD_WRITE on socket 13 link=00742f3c
20: 8:36: 920 - WM_WINSOCK FD_READ on socket 13 link=00742f3c
20: 8:36: 970 - WM_WINSOCK FD_WRITE on socket 13 link=00742f3c
20: 8:38:  70 - WM_WINSOCK FD_WRITE on socket 13 link=00742f3c
20: 8:39: 110 - WM_WINSOCK FD_WRITE on socket 13 link=00742f3c
20: 8:40: 210 - WM_WINSOCK FD_WRITE on socket 13 link=00742f3c
20: 8:41: 420 - WM_WINSOCK FD_WRITE on socket 13 link=00742f3c
20: 8:42: 460 - WM_WINSOCK FD_WRITE on socket 13 link=00742f3c
20: 8:43: 560 - WM_WINSOCK FD_WRITE on socket 13 link=00742f3c
20: 8:44: 660 - WM_WINSOCK FD_WRITE on socket 13 link=00742f3c
20: 8:45: 810 - WM_WINSOCK FD_WRITE on socket 13 link=00742f3c
20: 8:46:  30 - WM_WINSOCK FD_READ on socket 13 link=00742f3c
20: 8:46:  30 - WM_WINSOCK FD_WRITE on socket 13 link=00742f3c
20: 8:47: 130 - WM_WINSOCK FD_WRITE on socket 13 link=00742f3c
20: 8:48: 390 - WM_WINSOCK FD_WRITE on socket 13 link=00742f3c
20: 8:49: 490 - WM_WINSOCK FD_WRITE on socket 13 link=00742f3c
20: 8:50: 650 - WM_WINSOCK FD_WRITE on socket 13 link=00742f3c
20: 8:51: 310 - WM_WINSOCK FD_READ on socket 13 link=00742f3c
20: 8:51: 310 - WM_WINSOCK FD_WRITE on socket 13 link=00742f3c
20: 8:52: 400 - WM_WINSOCK FD_WRITE on socket 13 link=00742f3c
20: 8:53: 500 - WM_WINSOCK FD_WRITE on socket 13 link=00742f3c
20: 8:54: 660 - WM_WINSOCK FD_WRITE on socket 13 link=00742f3c
20: 8:55: 700 - WM_WINSOCK FD_WRITE on socket 13 link=00742f3c
20: 8:57:  70 - WM_WINSOCK FD_WRITE on socket 13 link=00742f3c
20: 8:58:  10 - WM_WINSOCK FD_WRITE on socket 13 link=00742f3c
20: 8:59: 220 - WM_WINSOCK FD_WRITE on socket 13 link=00742f3c
20: 9: 0: 200 - WM_WINSOCK FD_WRITE on socket 13 link=00742f3c
20: 9: 1: 300 - WM_WINSOCK FD_WRITE on socket 13 link=00742f3c
20: 9: 2: 510 - WM_WINSOCK FD_WRITE on socket 13 link=00742f3c
20: 9: 3: 610 - WM_WINSOCK FD_WRITE on socket 13 link=00742f3c
20: 9: 4: 650 - WM_WINSOCK FD_WRITE on socket 13 link=00742f3c
20: 9: 5: 700 - CTcpLink::Closing link 00742908 socket 12
20: 9: 5: 700 - CTcpLink::Closing link 0074233c socket 11
